<?xml version="1.0" encoding="UTF-8"?>
<testng-results skipped="0" failed="1" ignored="0" total="2" passed="1">
  <reporter-output>
  </reporter-output>
  <suite name="Suite" duration-ms="39443" started-at="2018-11-27T11:15:01Z" finished-at="2018-11-27T11:15:41Z">
    <groups>
    </groups>
    <test name="Test" duration-ms="39443" started-at="2018-11-27T11:15:01Z" finished-at="2018-11-27T11:15:41Z">
      <class name="InvokeDriver.InvokeDriver">
        <test-method status="PASS" signature="driverName()[pri:0, instance:InvokeDriver.InvokeDriver@4439f31e]" name="driverName" duration-ms="39422" started-at="2018-11-27T16:45:01Z" finished-at="2018-11-27T16:45:41Z">
          <reporter-output>
          </reporter-output>
        </test-method> <!-- driverName -->
        <test-method status="FAIL" signature="invokeDriver(java.lang.String)[pri:0, instance:InvokeDriver.InvokeDriver@4439f31e]" name="invokeDriver" duration-ms="0" started-at="2018-11-27T16:45:41Z" finished-at="2018-11-27T16:45:41Z">
          <exception class="org.testng.TestNGException">
            <message>
              <![CDATA[Cannot inject @Test annotated Method [invokeDriver] with [class java.lang.String].For more information on native dependency injection please refer to http://testng.org/doc/documentation-main.html#native-dependency-injection]]>
            </message>
            <full-stacktrace>
              <![CDATA[org.testng.TestNGException: Cannot inject @Test annotated Method [invokeDriver] with [class java.lang.String].For more information on native dependency injection please refer to http://testng.org/doc/documentation-main.html#native-dependency-injectionat org.testng.internal.Parameters.checkParameterTypes(Parameters.java:407)at org.testng.internal.Parameters.createParametersForMethod(Parameters.java:356)at org.testng.internal.Parameters.createParameters(Parameters.java:635)at org.testng.internal.Parameters.handleParameters(Parameters.java:769)at org.testng.internal.ParameterHandler.handleParameters(ParameterHandler.java:49)at org.testng.internal.ParameterHandler.createParameters(ParameterHandler.java:37)at org.testng.internal.Invoker.invokeTestMethods(Invoker.java:914)at org.testng.internal.TestMethodWorker.invokeTestMethods(TestMethodWorker.java:125)at org.testng.internal.TestMethodWorker.run(TestMethodWorker.java:109)at org.testng.TestRunner.privateRun(TestRunner.java:648)at org.testng.TestRunner.run(TestRunner.java:505)at org.testng.SuiteRunner.runTest(SuiteRunner.java:455)at org.testng.SuiteRunner.runSequentially(SuiteRunner.java:450)at org.testng.SuiteRunner.privateRun(SuiteRunner.java:415)at org.testng.SuiteRunner.run(SuiteRunner.java:364)at org.testng.SuiteRunnerWorker.runSuite(SuiteRunnerWorker.java:52)at org.testng.SuiteRunnerWorker.run(SuiteRunnerWorker.java:84)at org.testng.TestNG.runSuitesSequentially(TestNG.java:1187)at org.testng.TestNG.runSuitesLocally(TestNG.java:1116)at org.testng.TestNG.runSuites(TestNG.java:1028)at org.testng.TestNG.run(TestNG.java:996)at org.testng.TestNG.privateMain(TestNG.java:1330)at org.testng.TestNG.main(TestNG.java:1299)]]>
            </full-stacktrace>
          </exception> <!-- org.testng.TestNGException -->
          <reporter-output>
          </reporter-output>
        </test-method> <!-- invokeDriver -->
      </class> <!-- InvokeDriver.InvokeDriver -->
    </test> <!-- Test -->
  </suite> <!-- Suite -->
</testng-results>
