<?xml version="1.0" encoding="UTF-8"?>
<!-- Generated by org.testng.reporters.JUnitXMLReporter -->
<testsuite hostname="softnet-PC" ignored="0" name="Test" tests="2" failures="1" timestamp="27 Nov 2018 11:15:41 GMT" time="39.443" errors="0">
  <testcase name="driverName" time="39.422" classname="InvokeDriver.InvokeDriver"/>
  <testcase name="invokeDriver" time="0.0" classname="InvokeDriver.InvokeDriver">
    <failure type="org.testng.TestNGException" message="
Cannot inject @Test annotated Method [invokeDriver] with [class java.lang.String].
For more information on native dependency injection please refer to http://testng.org/doc/documentation-main.html#native-dependency-injection">
      <![CDATA[org.testng.TestNGException: Cannot inject @Test annotated Method [invokeDriver] with [class java.lang.String].For more information on native dependency injection please refer to http://testng.org/doc/documentation-main.html#native-dependency-injection... Removed 23 stack frames]]>
    </failure>
  </testcase> <!-- invokeDriver -->
</testsuite> <!-- Test -->
